<?xml version="1.0" encoding="UTF-8"?>
<testng-results skipped="0" failed="0" ignored="0" total="2" passed="2">
  <reporter-output>
  </reporter-output>
  <suite name="Suite" duration-ms="8393" started-at="2019-03-30T17:24:42Z" finished-at="2019-03-30T17:24:51Z">
    <groups>
    </groups>
    <test name="Test" duration-ms="8393" started-at="2019-03-30T17:24:42Z" finished-at="2019-03-30T17:24:51Z">
      <class name="Jenkins.jtest.jetest">
        <test-method status="PASS" signature="TC1()[pri:0, instance:Jenkins.jtest.jetest@6fd02e5]" name="TC1" duration-ms="8345" started-at="2019-03-30T17:24:43Z" finished-at="2019-03-30T17:24:51Z">
          <reporter-output>
          </reporter-output>
        </test-method> <!-- TC1 -->
        <test-method status="PASS" signature="TC2()[pri:0, instance:Jenkins.jtest.jetest@6fd02e5]" name="TC2" duration-ms="2" started-at="2019-03-30T17:24:51Z" finished-at="2019-03-30T17:24:51Z">
          <reporter-output>
          </reporter-output>
        </test-method> <!-- TC2 -->
      </class> <!-- Jenkins.jtest.jetest -->
    </test> <!-- Test -->
  </suite> <!-- Suite -->
</testng-results>
